==6801== Memcheck, a memory error detector
==6801== Copyright (C) 2002-2017, and GNU GPL'd, by Julian Seward et al.
==6801== Using Valgrind-3.15.0 and LibVEX; rerun with -h for copyright info
==6801== Command: ./hsh
==6801== Parent PID: 6412
==6801== 
==6801== 
==6801== HEAP SUMMARY:
==6801==     in use at exit: 226 bytes in 11 blocks
==6801==   total heap usage: 38 allocs, 27 frees, 1,766 bytes allocated
==6801== 
==6801== 3 bytes in 1 blocks are definitely lost in loss record 1 of 7
==6801==    at 0x483B7F3: malloc (in /usr/lib/x86_64-linux-gnu/valgrind/vgpreload_memcheck-amd64-linux.so)
==6801==    by 0x48F33BE: strdup (strdup.c:42)
==6801==    by 0x10ABCD: custom_tokenize (in /root/shell01/hsh)
==6801==    by 0x10AA32: main (in /root/shell01/hsh)
==6801== 
==6801== 28 (16 direct, 12 indirect) bytes in 1 blocks are definitely lost in loss record 4 of 7
==6801==    at 0x483B7F3: malloc (in /usr/lib/x86_64-linux-gnu/valgrind/vgpreload_memcheck-amd64-linux.so)
==6801==    by 0x10AB5E: custom_tokenize (in /root/shell01/hsh)
==6801==    by 0x10AA32: main (in /root/shell01/hsh)
==6801== 
==6801== 66 bytes in 1 blocks are definitely lost in loss record 6 of 7
==6801==    at 0x483B7F3: malloc (in /usr/lib/x86_64-linux-gnu/valgrind/vgpreload_memcheck-amd64-linux.so)
==6801==    by 0x48F33BE: strdup (strdup.c:42)
==6801==    by 0x10A570: custom_getenv (in /root/shell01/hsh)
==6801==    by 0x10A1E6: lookup_path (in /root/shell01/hsh)
==6801==    by 0x10AA61: main (in /root/shell01/hsh)
==6801== 
==6801== 129 (56 direct, 73 indirect) bytes in 1 blocks are definitely lost in loss record 7 of 7
==6801==    at 0x483B7F3: malloc (in /usr/lib/x86_64-linux-gnu/valgrind/vgpreload_memcheck-amd64-linux.so)
==6801==    by 0x10AB5E: custom_tokenize (in /root/shell01/hsh)
==6801==    by 0x10A228: lookup_path (in /root/shell01/hsh)
==6801==    by 0x10AA61: main (in /root/shell01/hsh)
==6801== 
==6801== LEAK SUMMARY:
==6801==    definitely lost: 141 bytes in 4 blocks
==6801==    indirectly lost: 85 bytes in 7 blocks
==6801==      possibly lost: 0 bytes in 0 blocks
==6801==    still reachable: 0 bytes in 0 blocks
==6801==         suppressed: 0 bytes in 0 blocks
==6801== 
==6801== For lists of detected and suppressed errors, rerun with: -s
==6801== ERROR SUMMARY: 4 errors from 4 contexts (suppressed: 0 from 0)
